2026-04-22 21:03:58.276 [main] INFO  com.itheima.TliasWebManagementApplication-Starting TliasWebManagementApplication using Java 17.0.12 with PID 24496 (D:\新建文件夹 (3)\web-project02\tlias-web-management\target\classes started by 31605 in D:\新建文件夹 (3)\web-project02)
2026-04-22 21:03:58.281 [main] INFO  com.itheima.TliasWebManagementApplication-No active profile set, falling back to 1 default profile: "default"
2026-04-22 21:04:01.510 [main] INFO  com.itheima.TliasWebManagementApplication-Started TliasWebManagementApplication in 3.973 seconds (process running for 6.015)
2026-04-22 21:05:39.008 [http-nio-8080-exec-2] INFO  com.itheima.controller.DeptController-查询所有部门信息
2026-04-22 21:05:44.413 [http-nio-8080-exec-4] INFO  com.itheima.controller.DeptController-查询所有部门信息
2026-04-22 21:05:44.928 [http-nio-8080-exec-3] INFO  com.itheima.controller.DeptController-查询所有部门信息
2026-04-22 21:09:46.341 [http-nio-8080-exec-8] INFO  com.itheima.controller.DeptController-查询所有部门信息
2026-04-22 21:09:47.298 [http-nio-8080-exec-9] INFO  com.itheima.controller.DeptController-查询所有部门信息
2026-04-22 21:09:48.098 [http-nio-8080-exec-1] INFO  com.itheima.controller.DeptController-查询所有部门信息
2026-04-22 21:18:54.139 [main] INFO  com.itheima.TliasWebManagementApplication-Starting TliasWebManagementApplication using Java 17.0.12 with PID 16280 (D:\新建文件夹 (3)\web-project02\tlias-web-management\target\classes started by 31605 in D:\新建文件夹 (3)\web-project02)
2026-04-22 21:18:54.143 [main] INFO  com.itheima.TliasWebManagementApplication-No active profile set, falling back to 1 default profile: "default"
2026-04-22 21:18:56.142 [main] WARN  o.s.b.w.s.s.c.AnnotationConfigServletWebServerApplicationContext-Exception encountered during context initialization - cancelling refresh attempt: org.springframework.beans.factory.BeanCreationException: Error creating bean with name 'requestMappingHandlerMapping' defined in class path resource [org/springframework/boot/webmvc/autoconfigure/WebMvcAutoConfiguration$EnableWebMvcConfiguration.class]: Ambiguous mapping. Cannot map 'empController' method 
com.itheima.controller.EmpController#page(EmpQueryParam)
to {GET [/depts]}: There is already 'deptController' bean method
com.itheima.controller.DeptController#findAll() mapped.
2026-04-22 21:18:56.176 [main] ERROR org.springframework.boot.SpringApplication-Application run failed
org.springframework.beans.factory.BeanCreationException: Error creating bean with name 'requestMappingHandlerMapping' defined in class path resource [org/springframework/boot/webmvc/autoconfigure/WebMvcAutoConfiguration$EnableWebMvcConfiguration.class]: Ambiguous mapping. Cannot map 'empController' method 
com.itheima.controller.EmpController#page(EmpQueryParam)
to {GET [/depts]}: There is already 'deptController' bean method
com.itheima.controller.DeptController#findAll() mapped.
	at org.springframework.beans.factory.support.AbstractAutowireCapableBeanFactory.initializeBean(AbstractAutowireCapableBeanFactory.java:1817)
	at org.springframework.beans.factory.support.AbstractAutowireCapableBeanFactory.doCreateBean(AbstractAutowireCapableBeanFactory.java:603)
	at org.springframework.beans.factory.support.AbstractAutowireCapableBeanFactory.createBean(AbstractAutowireCapableBeanFactory.java:525)
	at org.springframework.beans.factory.support.AbstractBeanFactory.lambda$doGetBean$0(AbstractBeanFactory.java:333)
	at org.springframework.beans.factory.support.DefaultSingletonBeanRegistry.getSingleton(DefaultSingletonBeanRegistry.java:371)
	at org.springframework.beans.factory.support.AbstractBeanFactory.doGetBean(AbstractBeanFactory.java:331)
	at org.springframework.beans.factory.support.AbstractBeanFactory.getBean(AbstractBeanFactory.java:196)
	at org.springframework.beans.factory.support.DefaultListableBeanFactory.instantiateSingleton(DefaultListableBeanFactory.java:1218)
	at org.springframework.beans.factory.support.DefaultListableBeanFactory.preInstantiateSingleton(DefaultListableBeanFactory.java:1184)
	at org.springframework.beans.factory.support.DefaultListableBeanFactory.preInstantiateSingletons(DefaultListableBeanFactory.java:1121)
	at org.springframework.context.support.AbstractApplicationContext.finishBeanFactoryInitialization(AbstractApplicationContext.java:994)
	at org.springframework.context.support.AbstractApplicationContext.refresh(AbstractApplicationContext.java:621)
	at org.springframework.boot.web.server.servlet.context.ServletWebServerApplicationContext.refresh(ServletWebServerApplicationContext.java:143)
	at org.springframework.boot.SpringApplication.refresh(SpringApplication.java:756)
	at org.springframework.boot.SpringApplication.refreshContext(SpringApplication.java:445)
	at org.springframework.boot.SpringApplication.run(SpringApplication.java:321)
	at org.springframework.boot.SpringApplication.run(SpringApplication.java:1365)
	at org.springframework.boot.SpringApplication.run(SpringApplication.java:1354)
	at com.itheima.TliasWebManagementApplication.main(TliasWebManagementApplication.java:10)
Caused by: java.lang.IllegalStateException: Ambiguous mapping. Cannot map 'empController' method 
com.itheima.controller.EmpController#page(EmpQueryParam)
to {GET [/depts]}: There is already 'deptController' bean method
com.itheima.controller.DeptController#findAll() mapped.
	at org.springframework.web.servlet.handler.AbstractHandlerMethodMapping$MappingRegistry.validateMethodMapping(AbstractHandlerMethodMapping.java:646)
	at org.springframework.web.servlet.handler.AbstractHandlerMethodMapping$MappingRegistry.register(AbstractHandlerMethodMapping.java:606)
	at org.springframework.web.servlet.handler.AbstractHandlerMethodMapping.registerHandlerMethod(AbstractHandlerMethodMapping.java:327)
	at org.springframework.web.servlet.mvc.method.annotation.RequestMappingHandlerMapping.registerHandlerMethod(RequestMappingHandlerMapping.java:459)
	at org.springframework.web.servlet.mvc.method.annotation.RequestMappingHandlerMapping.registerHandlerMethod(RequestMappingHandlerMapping.java:80)
	at org.springframework.web.servlet.handler.AbstractHandlerMethodMapping.lambda$detectHandlerMethods$1(AbstractHandlerMethodMapping.java:294)
	at java.base/java.util.LinkedHashMap.forEach(LinkedHashMap.java:721)
	at org.springframework.web.servlet.handler.AbstractHandlerMethodMapping.detectHandlerMethods(AbstractHandlerMethodMapping.java:292)
	at org.springframework.web.servlet.handler.AbstractHandlerMethodMapping.processCandidateBean(AbstractHandlerMethodMapping.java:261)
	at org.springframework.web.servlet.handler.AbstractHandlerMethodMapping.initHandlerMethods(AbstractHandlerMethodMapping.java:220)
	at org.springframework.web.servlet.handler.AbstractHandlerMethodMapping.afterPropertiesSet(AbstractHandlerMethodMapping.java:208)
	at org.springframework.web.servlet.mvc.method.annotation.RequestMappingHandlerMapping.afterPropertiesSet(RequestMappingHandlerMapping.java:158)
	at org.springframework.beans.factory.support.AbstractAutowireCapableBeanFactory.invokeInitMethods(AbstractAutowireCapableBeanFactory.java:1864)
	at org.springframework.beans.factory.support.AbstractAutowireCapableBeanFactory.initializeBean(AbstractAutowireCapableBeanFactory.java:1813)
	... 18 common frames omitted
2026-04-22 21:21:49.158 [main] INFO  com.itheima.TliasWebManagementApplication-Starting TliasWebManagementApplication using Java 17.0.12 with PID 14840 (D:\新建文件夹 (3)\web-project02\tlias-web-management\target\classes started by 31605 in D:\新建文件夹 (3)\web-project02)
2026-04-22 21:21:49.163 [main] INFO  com.itheima.TliasWebManagementApplication-No active profile set, falling back to 1 default profile: "default"
2026-04-22 21:21:51.450 [main] INFO  com.itheima.TliasWebManagementApplication-Started TliasWebManagementApplication in 2.908 seconds (process running for 4.258)
2026-04-22 21:22:00.044 [http-nio-8080-exec-2] INFO  com.itheima.controller.DeptController-查询所有部门信息
2026-04-22 21:22:00.093 [http-nio-8080-exec-1] INFO  com.itheima.controller.EmpController-分页查询员工信息,参数:EmpQueryParam(page=1, pageSize=10, name=, gender=null, begin=null, end=null)
2026-04-22 21:22:04.294 [http-nio-8080-exec-3] INFO  com.itheima.controller.DeptController-查询所有部门信息
2026-04-22 21:22:05.072 [http-nio-8080-exec-6] INFO  com.itheima.controller.DeptController-查询所有部门信息
2026-04-22 21:22:05.074 [http-nio-8080-exec-7] INFO  com.itheima.controller.EmpController-分页查询员工信息,参数:EmpQueryParam(page=1, pageSize=10, name=, gender=null, begin=null, end=null)
2026-04-22 21:22:06.867 [http-nio-8080-exec-5] INFO  com.itheima.controller.EmpController-分页查询员工信息,参数:EmpQueryParam(page=2, pageSize=10, name=, gender=null, begin=null, end=null)
2026-04-22 21:22:07.723 [http-nio-8080-exec-4] INFO  com.itheima.controller.EmpController-分页查询员工信息,参数:EmpQueryParam(page=3, pageSize=10, name=, gender=null, begin=null, end=null)
2026-04-22 21:22:08.554 [http-nio-8080-exec-8] INFO  com.itheima.controller.EmpController-分页查询员工信息,参数:EmpQueryParam(page=1, pageSize=10, name=, gender=null, begin=null, end=null)
2026-04-22 21:22:19.861 [http-nio-8080-exec-9] INFO  com.itheima.controller.EmpController-分页查询员工信息,参数:EmpQueryParam(page=1, pageSize=10, name=李, gender=1, begin=null, end=null)
2026-04-22 21:31:07.561 [main] INFO  com.itheima.TliasWebManagementApplication-Starting TliasWebManagementApplication using Java 17.0.12 with PID 23132 (D:\新建文件夹 (3)\web-project02\tlias-web-management\target\classes started by 31605 in D:\新建文件夹 (3)\web-project02)
2026-04-22 21:31:07.565 [main] INFO  com.itheima.TliasWebManagementApplication-No active profile set, falling back to 1 default profile: "default"
2026-04-22 21:31:09.786 [main] INFO  com.itheima.TliasWebManagementApplication-Started TliasWebManagementApplication in 2.792 seconds (process running for 4.176)
